<?xml version="1.0" encoding="UTF-8"?>
<testng-results ignored="0" total="1" passed="1" failed="0" skipped="0">
  <reporter-output>
  </reporter-output>
  <suite started-at="2025-05-21T13:02:50 IST" name="Master Suite" finished-at="2025-05-21T13:03:23 IST" duration-ms="33088">
    <groups>
      <group name="Master">
        <method signature="TC002_LoginTest2.verifyLogin()[pri:0, instance:testCases.TC002_LoginTest2@4c309d4d]" name="verifyLogin" class="testCases.TC002_LoginTest2"/>
      </group> <!-- Master -->
      <group name="Sanity">
        <method signature="TC002_LoginTest2.verifyLogin()[pri:0, instance:testCases.TC002_LoginTest2@4c309d4d]" name="verifyLogin" class="testCases.TC002_LoginTest2"/>
      </group> <!-- Sanity -->
    </groups>
    <test started-at="2025-05-21T13:02:50 IST" name="Test" finished-at="2025-05-21T13:03:23 IST" duration-ms="33088">
      <class name="testCases.TC002_LoginTest2">
        <test-method is-config="true" signature="setup(java.lang.String,java.lang.String)[pri:0, instance:testCases.TC002_LoginTest2@4c309d4d]" started-at="2025-05-21T13:02:51 IST" name="setup" finished-at="2025-05-21T13:03:17 IST" duration-ms="26496" status="PASS">
          <params>
            <param index="0">
              <value>
                <![CDATA[windows]]>
              </value>
            </param>
            <param index="1">
              <value>
                <![CDATA[chrome]]>
              </value>
            </param>
          </params>
          <reporter-output>
          </reporter-output>
        </test-method> <!-- setup -->
        <test-method signature="verifyLogin()[pri:0, instance:testCases.TC002_LoginTest2@4c309d4d]" started-at="2025-05-21T13:03:18 IST" name="verifyLogin" finished-at="2025-05-21T13:03:22 IST" duration-ms="4624" status="PASS">
          <reporter-output>
          </reporter-output>
        </test-method> <!-- verifyLogin -->
        <test-method is-config="true" signature="tearDown()[pri:0, instance:testCases.TC002_LoginTest2@4c309d4d]" started-at="2025-05-21T13:03:22 IST" name="tearDown" finished-at="2025-05-21T13:03:23 IST" duration-ms="878" status="PASS">
          <reporter-output>
          </reporter-output>
        </test-method> <!-- tearDown -->
      </class> <!-- testCases.TC002_LoginTest2 -->
    </test> <!-- Test -->
  </suite> <!-- Master Suite -->
</testng-results>
